{"contracts/common/Destroyable.sol":{"l":{"19":1,"27":1,"28":1},"path":"/home/string/dev/centroida/orbis-contracts/contracts/common/Destroyable.sol","s":{"1":1,"2":1,"3":1},"b":{"1":[1,0]},"f":{"1":198,"2":1,"3":1},"fnMap":{"1":{"name":null,"line":13,"loc":{"start":{"line":13,"column":1},"end":{"line":13,"column":30}}},"2":{"name":"destroy","line":18,"loc":{"start":{"line":18,"column":1},"end":{"line":18,"column":38}}},"3":{"name":"destroyAndSend","line":26,"loc":{"start":{"line":26,"column":1},"end":{"line":26,"column":63}}}},"statementMap":{"1":{"start":{"line":19,"column":2},"end":{"line":19,"column":25}},"2":{"start":{"line":27,"column":2},"end":{"line":27,"column":34}},"3":{"start":{"line":28,"column":2},"end":{"line":28,"column":25}}},"branchMap":{"1":{"line":27,"type":"if","locations":[{"start":{"line":27,"column":2},"end":{"line":27,"column":2}},{"start":{"line":27,"column":2},"end":{"line":27,"column":2}}]}}},"contracts/common/SafeMath.sol":{"l":{"11":130,"12":1,"14":129,"15":129,"16":128,"20":65,"24":104,"25":103,"29":209,"30":209,"31":208},"path":"/home/string/dev/centroida/orbis-contracts/contracts/common/SafeMath.sol","s":{"1":130,"2":1,"3":129,"4":129,"5":128,"6":65,"7":104,"8":103,"9":209,"10":209,"11":208},"b":{"1":[1,129],"2":[128,1],"3":[103,1],"4":[208,1]},"f":{"1":130,"2":65,"3":104,"4":209},"fnMap":{"1":{"name":"mul","line":10,"loc":{"start":{"line":10,"column":1},"end":{"line":10,"column":70}}},"2":{"name":"div","line":19,"loc":{"start":{"line":19,"column":1},"end":{"line":19,"column":70}}},"3":{"name":"sub","line":23,"loc":{"start":{"line":23,"column":1},"end":{"line":23,"column":70}}},"4":{"name":"add","line":28,"loc":{"start":{"line":28,"column":1},"end":{"line":28,"column":70}}}},"statementMap":{"1":{"start":{"line":11,"column":2},"end":{"line":11,"column":213}},"2":{"start":{"line":12,"column":3},"end":{"line":12,"column":11}},"3":{"start":{"line":14,"column":2},"end":{"line":14,"column":20}},"4":{"start":{"line":15,"column":2},"end":{"line":15,"column":21}},"5":{"start":{"line":16,"column":2},"end":{"line":16,"column":10}},"6":{"start":{"line":20,"column":2},"end":{"line":20,"column":16}},"7":{"start":{"line":24,"column":2},"end":{"line":24,"column":17}},"8":{"start":{"line":25,"column":2},"end":{"line":25,"column":16}},"9":{"start":{"line":29,"column":2},"end":{"line":29,"column":20}},"10":{"start":{"line":30,"column":2},"end":{"line":30,"column":16}},"11":{"start":{"line":31,"column":2},"end":{"line":31,"column":10}}},"branchMap":{"1":{"line":11,"type":"if","locations":[{"start":{"line":11,"column":2},"end":{"line":11,"column":2}},{"start":{"line":11,"column":2},"end":{"line":11,"column":2}}]},"2":{"line":15,"type":"if","locations":[{"start":{"line":15,"column":2},"end":{"line":15,"column":2}},{"start":{"line":15,"column":2},"end":{"line":15,"column":2}}]},"3":{"line":24,"type":"if","locations":[{"start":{"line":24,"column":2},"end":{"line":24,"column":2}},{"start":{"line":24,"column":2},"end":{"line":24,"column":2}}]},"4":{"line":30,"type":"if","locations":[{"start":{"line":30,"column":2},"end":{"line":30,"column":2}},{"start":{"line":30,"column":2},"end":{"line":30,"column":2}}]}}},"contracts/erc20/data/ERC20ExtendedData.sol":{"l":{"15":5,"16":5},"path":"/home/string/dev/centroida/orbis-contracts/contracts/erc20/data/ERC20ExtendedData.sol","s":{"1":5,"2":5},"b":{},"f":{"1":5},"fnMap":{"1":{"name":"setFrozenAccount","line":14,"loc":{"start":{"line":14,"column":1},"end":{"line":14,"column":105}}}},"statementMap":{"1":{"start":{"line":15,"column":2},"end":{"line":15,"column":36}},"2":{"start":{"line":16,"column":2},"end":{"line":16,"column":13}}},"branchMap":{}},"contracts/erc20/data/ERC20StandardData.sol":{"l":{"23":217,"24":217,"28":40,"29":40,"33":73,"34":73,"38":7,"39":7,"44":1,"45":1},"path":"/home/string/dev/centroida/orbis-contracts/contracts/erc20/data/ERC20StandardData.sol","s":{"1":217,"2":217,"3":40,"4":40,"5":73,"6":73,"7":7,"8":7,"9":1,"10":1},"b":{},"f":{"1":217,"2":40,"3":73,"4":7,"5":1},"fnMap":{"1":{"name":"setBalance","line":22,"loc":{"start":{"line":22,"column":1},"end":{"line":22,"column":98}}},"2":{"name":"setAllowance","line":27,"loc":{"start":{"line":27,"column":1},"end":{"line":27,"column":119}}},"3":{"name":"setTotalSupply","line":32,"loc":{"start":{"line":32,"column":1},"end":{"line":32,"column":86}}},"4":{"name":"increaseAllowance","line":37,"loc":{"start":{"line":37,"column":1},"end":{"line":37,"column":127}}},"5":{"name":"decreaseAllowance","line":43,"loc":{"start":{"line":43,"column":1},"end":{"line":43,"column":127}}}},"statementMap":{"1":{"start":{"line":23,"column":2},"end":{"line":23,"column":26}},"2":{"start":{"line":24,"column":2},"end":{"line":24,"column":13}},"3":{"start":{"line":28,"column":2},"end":{"line":28,"column":36}},"4":{"start":{"line":29,"column":2},"end":{"line":29,"column":13}},"5":{"start":{"line":33,"column":2},"end":{"line":33,"column":21}},"6":{"start":{"line":34,"column":2},"end":{"line":34,"column":13}},"7":{"start":{"line":38,"column":2},"end":{"line":38,"column":69}},"8":{"start":{"line":39,"column":2},"end":{"line":39,"column":13}},"9":{"start":{"line":44,"column":2},"end":{"line":44,"column":69}},"10":{"start":{"line":45,"column":2},"end":{"line":45,"column":13}}},"branchMap":{}},"contracts/erc20/ERC20Extended.sol":{"l":{"75":98,"76":98,"77":98,"93":1,"94":1,"95":1,"104":1,"105":1,"106":1,"114":61,"116":61,"118":61,"119":60,"128":2,"130":2,"132":2,"133":2,"135":2,"136":2,"143":3,"152":1,"153":1,"154":1,"164":1},"path":"/home/string/dev/centroida/orbis-contracts/contracts/erc20/ERC20Extended.sol","s":{"1":98,"2":98,"3":98,"4":1,"5":1,"6":1,"7":1,"8":1,"9":1,"10":61,"11":61,"12":61,"13":60,"14":2,"15":2,"16":2,"17":2,"18":2,"19":3,"20":1,"21":1,"22":1},"b":{"1":[1,0],"2":[60,1],"3":[2,0],"4":[2,0],"5":[1,0]},"f":{"1":98,"2":2,"3":1,"4":1,"5":61,"6":2,"7":3,"8":1,"9":1},"fnMap":{"1":{"name":null,"line":62,"loc":{"start":{"line":62,"column":1},"end":{"line":74,"column":2}}},"2":{"name":null,"line":84,"loc":{"start":{"line":84,"column":1},"end":{"line":84,"column":27}}},"3":{"name":"setPrices","line":92,"loc":{"start":{"line":92,"column":1},"end":{"line":92,"column":100}}},"4":{"name":"setWallet","line":103,"loc":{"start":{"line":103,"column":1},"end":{"line":103,"column":85}}},"5":{"name":"buy","line":113,"loc":{"start":{"line":113,"column":1},"end":{"line":113,"column":68}}},"6":{"name":"sell","line":127,"loc":{"start":{"line":127,"column":1},"end":{"line":127,"column":76}}},"7":{"name":"getContractBalance","line":142,"loc":{"start":{"line":142,"column":1},"end":{"line":142,"column":61}}},"8":{"name":"withdraw","line":151,"loc":{"start":{"line":151,"column":1},"end":{"line":151,"column":77}}},"9":{"name":"nonEtherPurchaseTransfer","line":163,"loc":{"start":{"line":163,"column":1},"end":{"line":163,"column":119}}}},"statementMap":{"1":{"start":{"line":75,"column":2},"end":{"line":75,"column":30}},"2":{"start":{"line":76,"column":2},"end":{"line":76,"column":28}},"3":{"start":{"line":77,"column":2},"end":{"line":77,"column":24}},"4":{"start":{"line":93,"column":2},"end":{"line":93,"column":23}},"5":{"start":{"line":94,"column":2},"end":{"line":94,"column":21}},"6":{"start":{"line":95,"column":2},"end":{"line":95,"column":13}},"7":{"start":{"line":104,"column":2},"end":{"line":104,"column":38}},"8":{"start":{"line":105,"column":2},"end":{"line":105,"column":24}},"9":{"start":{"line":106,"column":2},"end":{"line":106,"column":13}},"10":{"start":{"line":114,"column":2},"end":{"line":114,"column":40}},"11":{"start":{"line":116,"column":2},"end":{"line":116,"column":31}},"12":{"start":{"line":118,"column":2},"end":{"line":118,"column":44}},"13":{"start":{"line":119,"column":2},"end":{"line":119,"column":13}},"14":{"start":{"line":128,"column":2},"end":{"line":128,"column":48}},"15":{"start":{"line":130,"column":2},"end":{"line":130,"column":47}},"16":{"start":{"line":132,"column":2},"end":{"line":132,"column":50}},"17":{"start":{"line":133,"column":2},"end":{"line":133,"column":45}},"18":{"start":{"line":136,"column":2},"end":{"line":136,"column":13}},"19":{"start":{"line":143,"column":2},"end":{"line":143,"column":30}},"20":{"start":{"line":152,"column":2},"end":{"line":152,"column":42}},"21":{"start":{"line":154,"column":2},"end":{"line":154,"column":13}},"22":{"start":{"line":164,"column":2},"end":{"line":164,"column":37}}},"branchMap":{"1":{"line":104,"type":"if","locations":[{"start":{"line":104,"column":2},"end":{"line":104,"column":2}},{"start":{"line":104,"column":2},"end":{"line":104,"column":2}}]},"2":{"line":118,"type":"if","locations":[{"start":{"line":118,"column":2},"end":{"line":118,"column":2}},{"start":{"line":118,"column":2},"end":{"line":118,"column":2}}]},"3":{"line":132,"type":"if","locations":[{"start":{"line":132,"column":2},"end":{"line":132,"column":2}},{"start":{"line":132,"column":2},"end":{"line":132,"column":2}}]},"4":{"line":133,"type":"if","locations":[{"start":{"line":133,"column":2},"end":{"line":133,"column":2}},{"start":{"line":133,"column":2},"end":{"line":133,"column":2}}]},"5":{"line":152,"type":"if","locations":[{"start":{"line":152,"column":2},"end":{"line":152,"column":2}},{"start":{"line":152,"column":2},"end":{"line":152,"column":2}}]}}},"contracts/erc20/ERC20Standard.sol":{"l":{"63":98,"64":98,"65":98,"66":98,"74":12,"82":21,"92":6,"103":9,"104":9,"106":6,"107":6,"109":6,"122":31,"123":29,"124":29,"125":29,"128":0,"141":7,"142":7,"143":7,"146":0,"159":7,"161":7,"162":6,"163":6,"165":1,"166":1,"167":1,"171":0,"181":15,"192":75,"193":73,"194":73,"196":72,"198":72,"199":72,"201":72,"202":72,"204":72,"206":72,"208":72},"path":"/home/string/dev/centroida/orbis-contracts/contracts/erc20/ERC20Standard.sol","s":{"1":98,"2":98,"3":98,"4":98,"5":12,"6":21,"7":6,"8":9,"9":9,"10":6,"11":6,"12":6,"13":31,"14":29,"15":29,"16":29,"17":0,"18":7,"19":7,"20":7,"21":0,"22":7,"23":7,"24":6,"25":6,"26":1,"27":1,"28":1,"29":0,"30":15,"31":75,"32":73,"33":73,"34":72,"35":72,"36":72,"37":72,"38":72,"39":72,"40":72,"41":72},"b":{"1":[98,0],"2":[98,0],"3":[6,3],"4":[6,0],"5":[29,2],"6":[29,0],"7":[7,0],"8":[6,1],"9":[1,0],"10":[73,2],"11":[72,1],"12":[72,0],"13":[72,0],"14":[72,0]},"f":{"1":98,"2":12,"3":21,"4":6,"5":9,"6":31,"7":7,"8":7,"9":15,"10":75},"fnMap":{"1":{"name":null,"line":62,"loc":{"start":{"line":62,"column":1},"end":{"line":62,"column":73}}},"2":{"name":"totalSupply","line":73,"loc":{"start":{"line":73,"column":1},"end":{"line":73,"column":72}}},"3":{"name":"balanceOf","line":81,"loc":{"start":{"line":81,"column":1},"end":{"line":81,"column":74}}},"4":{"name":"transfer","line":91,"loc":{"start":{"line":91,"column":1},"end":{"line":91,"column":78}}},"5":{"name":"transferFrom","line":102,"loc":{"start":{"line":102,"column":1},"end":{"line":102,"column":97}}},"6":{"name":"approve","line":121,"loc":{"start":{"line":121,"column":1},"end":{"line":121,"column":82}}},"7":{"name":"increaseApproval","line":140,"loc":{"start":{"line":140,"column":1},"end":{"line":140,"column":88}}},"8":{"name":"decreaseApproval","line":158,"loc":{"start":{"line":158,"column":3},"end":{"line":158,"column":93}}},"9":{"name":"allowance","line":180,"loc":{"start":{"line":180,"column":1},"end":{"line":180,"column":84}}},"10":{"name":"_transfer","line":191,"loc":{"start":{"line":191,"column":1},"end":{"line":191,"column":96}}}},"statementMap":{"1":{"start":{"line":63,"column":2},"end":{"line":63,"column":43}},"2":{"start":{"line":64,"column":2},"end":{"line":64,"column":38}},"3":{"start":{"line":65,"column":2},"end":{"line":65,"column":54}},"4":{"start":{"line":66,"column":2},"end":{"line":66,"column":32}},"5":{"start":{"line":74,"column":2},"end":{"line":74,"column":34}},"6":{"start":{"line":82,"column":2},"end":{"line":82,"column":37}},"7":{"start":{"line":92,"column":2},"end":{"line":92,"column":43}},"8":{"start":{"line":103,"column":2},"end":{"line":103,"column":57}},"9":{"start":{"line":104,"column":2},"end":{"line":104,"column":27}},"10":{"start":{"line":106,"column":2},"end":{"line":106,"column":30}},"11":{"start":{"line":107,"column":2},"end":{"line":107,"column":61}},"12":{"start":{"line":109,"column":2},"end":{"line":109,"column":38}},"13":{"start":{"line":122,"column":2},"end":{"line":122,"column":56}},"14":{"start":{"line":123,"column":2},"end":{"line":123,"column":4397}},"15":{"start":{"line":124,"column":3},"end":{"line":124,"column":46}},"16":{"start":{"line":125,"column":3},"end":{"line":125,"column":14}},"17":{"start":{"line":128,"column":2},"end":{"line":128,"column":14}},"18":{"start":{"line":141,"column":2},"end":{"line":141,"column":5087}},"19":{"start":{"line":142,"column":3},"end":{"line":142,"column":81}},"20":{"start":{"line":143,"column":6},"end":{"line":143,"column":17}},"21":{"start":{"line":146,"column":2},"end":{"line":146,"column":14}},"22":{"start":{"line":159,"column":5},"end":{"line":159,"column":64}},"23":{"start":{"line":161,"column":2},"end":{"line":161,"column":5889}},"24":{"start":{"line":162,"column":3},"end":{"line":162,"column":41}},"25":{"start":{"line":163,"column":3},"end":{"line":163,"column":14}},"26":{"start":{"line":165,"column":3},"end":{"line":165,"column":5999}},"27":{"start":{"line":166,"column":4},"end":{"line":166,"column":82}},"28":{"start":{"line":167,"column":4},"end":{"line":167,"column":15}},"29":{"start":{"line":171,"column":5},"end":{"line":171,"column":17}},"30":{"start":{"line":181,"column":2},"end":{"line":181,"column":46}},"31":{"start":{"line":192,"column":2},"end":{"line":192,"column":27}},"32":{"start":{"line":193,"column":2},"end":{"line":193,"column":50}},"33":{"start":{"line":194,"column":2},"end":{"line":194,"column":31}},"34":{"start":{"line":196,"column":2},"end":{"line":196,"column":38}},"35":{"start":{"line":198,"column":2},"end":{"line":198,"column":46}},"36":{"start":{"line":199,"column":2},"end":{"line":199,"column":34}},"37":{"start":{"line":201,"column":2},"end":{"line":201,"column":51}},"38":{"start":{"line":202,"column":2},"end":{"line":202,"column":47}},"39":{"start":{"line":204,"column":2},"end":{"line":204,"column":50}},"40":{"start":{"line":206,"column":2},"end":{"line":206,"column":35}},"41":{"start":{"line":208,"column":2},"end":{"line":208,"column":13}}},"branchMap":{"1":{"line":63,"type":"if","locations":[{"start":{"line":63,"column":2},"end":{"line":63,"column":2}},{"start":{"line":63,"column":2},"end":{"line":63,"column":2}}]},"2":{"line":64,"type":"if","locations":[{"start":{"line":64,"column":2},"end":{"line":64,"column":2}},{"start":{"line":64,"column":2},"end":{"line":64,"column":2}}]},"3":{"line":104,"type":"if","locations":[{"start":{"line":104,"column":2},"end":{"line":104,"column":2}},{"start":{"line":104,"column":2},"end":{"line":104,"column":2}}]},"4":{"line":107,"type":"if","locations":[{"start":{"line":107,"column":2},"end":{"line":107,"column":2}},{"start":{"line":107,"column":2},"end":{"line":107,"column":2}}]},"5":{"line":122,"type":"if","locations":[{"start":{"line":122,"column":2},"end":{"line":122,"column":2}},{"start":{"line":122,"column":2},"end":{"line":122,"column":2}}]},"6":{"line":123,"type":"if","locations":[{"start":{"line":123,"column":2},"end":{"line":123,"column":2}},{"start":{"line":123,"column":2},"end":{"line":123,"column":2}}]},"7":{"line":141,"type":"if","locations":[{"start":{"line":141,"column":2},"end":{"line":141,"column":2}},{"start":{"line":141,"column":2},"end":{"line":141,"column":2}}]},"8":{"line":161,"type":"if","locations":[{"start":{"line":161,"column":2},"end":{"line":161,"column":2}},{"start":{"line":161,"column":2},"end":{"line":161,"column":2}}]},"9":{"line":165,"type":"if","locations":[{"start":{"line":165,"column":3},"end":{"line":165,"column":3}},{"start":{"line":165,"column":3},"end":{"line":165,"column":3}}]},"10":{"line":192,"type":"if","locations":[{"start":{"line":192,"column":2},"end":{"line":192,"column":2}},{"start":{"line":192,"column":2},"end":{"line":192,"column":2}}]},"11":{"line":194,"type":"if","locations":[{"start":{"line":194,"column":2},"end":{"line":194,"column":2}},{"start":{"line":194,"column":2},"end":{"line":194,"column":2}}]},"12":{"line":201,"type":"if","locations":[{"start":{"line":201,"column":2},"end":{"line":201,"column":2}},{"start":{"line":201,"column":2},"end":{"line":201,"column":2}}]},"13":{"line":202,"type":"if","locations":[{"start":{"line":202,"column":2},"end":{"line":202,"column":2}},{"start":{"line":202,"column":2},"end":{"line":202,"column":2}}]},"14":{"line":204,"type":"if","locations":[{"start":{"line":204,"column":2},"end":{"line":204,"column":2}},{"start":{"line":204,"column":2},"end":{"line":204,"column":2}}]}}},"contracts/erc20/extensions/BurnableToken.sol":{"l":{"24":5,"25":5,"26":4,"27":4,"29":4,"30":4,"31":4,"33":4,"35":4,"37":4,"46":7,"47":7,"49":6,"50":6,"52":5,"53":5,"55":5,"56":5,"58":5,"59":5,"60":5,"62":5,"64":5,"66":5},"path":"/home/string/dev/centroida/orbis-contracts/contracts/erc20/extensions/BurnableToken.sol","s":{"1":5,"2":5,"3":4,"4":4,"5":4,"6":4,"7":4,"8":4,"9":4,"10":4,"11":7,"12":7,"13":6,"14":6,"15":5,"16":5,"17":5,"18":5,"19":5,"20":5,"21":5,"22":5,"23":5,"24":5},"b":{"1":[4,1],"2":[4,0],"3":[4,0],"4":[6,1],"5":[5,1],"6":[5,0],"7":[5,0],"8":[5,0]},"f":{"1":98,"2":5,"3":7},"fnMap":{"1":{"name":null,"line":16,"loc":{"start":{"line":16,"column":1},"end":{"line":16,"column":124}}},"2":{"name":"burn","line":23,"loc":{"start":{"line":23,"column":1},"end":{"line":23,"column":61}}},"3":{"name":"burnFrom","line":45,"loc":{"start":{"line":45,"column":1},"end":{"line":45,"column":80}}}},"statementMap":{"1":{"start":{"line":24,"column":2},"end":{"line":24,"column":57}},"2":{"start":{"line":25,"column":2},"end":{"line":25,"column":33}},"3":{"start":{"line":26,"column":2},"end":{"line":26,"column":42}},"4":{"start":{"line":27,"column":2},"end":{"line":27,"column":58}},"5":{"start":{"line":29,"column":2},"end":{"line":29,"column":48}},"6":{"start":{"line":30,"column":2},"end":{"line":30,"column":38}},"7":{"start":{"line":31,"column":2},"end":{"line":31,"column":48}},"8":{"start":{"line":33,"column":2},"end":{"line":33,"column":31}},"9":{"start":{"line":35,"column":2},"end":{"line":35,"column":47}},"10":{"start":{"line":37,"column":2},"end":{"line":37,"column":13}},"11":{"start":{"line":46,"column":2},"end":{"line":46,"column":50}},"12":{"start":{"line":47,"column":2},"end":{"line":47,"column":31}},"13":{"start":{"line":49,"column":2},"end":{"line":49,"column":57}},"14":{"start":{"line":50,"column":2},"end":{"line":50,"column":27}},"15":{"start":{"line":52,"column":2},"end":{"line":52,"column":38}},"16":{"start":{"line":53,"column":2},"end":{"line":53,"column":51}},"17":{"start":{"line":55,"column":2},"end":{"line":55,"column":30}},"18":{"start":{"line":56,"column":2},"end":{"line":56,"column":61}},"19":{"start":{"line":58,"column":2},"end":{"line":58,"column":48}},"20":{"start":{"line":59,"column":2},"end":{"line":59,"column":38}},"21":{"start":{"line":60,"column":2},"end":{"line":60,"column":48}},"22":{"start":{"line":62,"column":2},"end":{"line":62,"column":26}},"23":{"start":{"line":64,"column":2},"end":{"line":64,"column":42}},"24":{"start":{"line":66,"column":2},"end":{"line":66,"column":13}}},"branchMap":{"1":{"line":25,"type":"if","locations":[{"start":{"line":25,"column":2},"end":{"line":25,"column":2}},{"start":{"line":25,"column":2},"end":{"line":25,"column":2}}]},"2":{"line":27,"type":"if","locations":[{"start":{"line":27,"column":2},"end":{"line":27,"column":2}},{"start":{"line":27,"column":2},"end":{"line":27,"column":2}}]},"3":{"line":31,"type":"if","locations":[{"start":{"line":31,"column":2},"end":{"line":31,"column":2}},{"start":{"line":31,"column":2},"end":{"line":31,"column":2}}]},"4":{"line":47,"type":"if","locations":[{"start":{"line":47,"column":2},"end":{"line":47,"column":2}},{"start":{"line":47,"column":2},"end":{"line":47,"column":2}}]},"5":{"line":50,"type":"if","locations":[{"start":{"line":50,"column":2},"end":{"line":50,"column":2}},{"start":{"line":50,"column":2},"end":{"line":50,"column":2}}]},"6":{"line":53,"type":"if","locations":[{"start":{"line":53,"column":2},"end":{"line":53,"column":2}},{"start":{"line":53,"column":2},"end":{"line":53,"column":2}}]},"7":{"line":56,"type":"if","locations":[{"start":{"line":56,"column":2},"end":{"line":56,"column":2}},{"start":{"line":56,"column":2},"end":{"line":56,"column":2}}]},"8":{"line":60,"type":"if","locations":[{"start":{"line":60,"column":2},"end":{"line":60,"column":2}},{"start":{"line":60,"column":2},"end":{"line":60,"column":2}}]}}},"contracts/erc20/extensions/FreezableToken.sol":{"l":{"25":5,"26":5,"27":5,"28":5,"37":3,"41":76,"43":76,"45":75},"path":"/home/string/dev/centroida/orbis-contracts/contracts/erc20/extensions/FreezableToken.sol","s":{"1":5,"2":5,"3":5,"4":5,"5":3,"6":76,"7":76,"8":75},"b":{"1":[5,0],"2":[5,0],"3":[76,0],"4":[75,1]},"f":{"1":98,"2":5,"3":3,"4":76},"fnMap":{"1":{"name":null,"line":16,"loc":{"start":{"line":16,"column":1},"end":{"line":16,"column":124}}},"2":{"name":"freezeAccount","line":24,"loc":{"start":{"line":24,"column":1},"end":{"line":24,"column":98}}},"3":{"name":"isAccountFrozen","line":36,"loc":{"start":{"line":36,"column":1},"end":{"line":36,"column":79}}},"4":{"name":"_transfer","line":40,"loc":{"start":{"line":40,"column":1},"end":{"line":40,"column":96}}}},"statementMap":{"1":{"start":{"line":25,"column":2},"end":{"line":25,"column":31}},"2":{"start":{"line":26,"column":2},"end":{"line":26,"column":58}},"3":{"start":{"line":27,"column":2},"end":{"line":27,"column":38}},"4":{"start":{"line":28,"column":2},"end":{"line":28,"column":13}},"5":{"start":{"line":37,"column":2},"end":{"line":37,"column":44}},"6":{"start":{"line":41,"column":2},"end":{"line":41,"column":43}},"7":{"start":{"line":43,"column":2},"end":{"line":43,"column":41}},"8":{"start":{"line":45,"column":2},"end":{"line":45,"column":44}}},"branchMap":{"1":{"line":25,"type":"if","locations":[{"start":{"line":25,"column":2},"end":{"line":25,"column":2}},{"start":{"line":25,"column":2},"end":{"line":25,"column":2}}]},"2":{"line":26,"type":"if","locations":[{"start":{"line":26,"column":2},"end":{"line":26,"column":2}},{"start":{"line":26,"column":2},"end":{"line":26,"column":2}}]},"3":{"line":41,"type":"if","locations":[{"start":{"line":41,"column":2},"end":{"line":41,"column":2}},{"start":{"line":41,"column":2},"end":{"line":41,"column":2}}]},"4":{"line":43,"type":"if","locations":[{"start":{"line":43,"column":2},"end":{"line":43,"column":2}},{"start":{"line":43,"column":2},"end":{"line":43,"column":2}}]}}},"contracts/erc20/extensions/MintableToken.sol":{"l":{"27":65,"28":64,"38":64,"40":64,"41":64,"42":64,"44":64,"45":64,"46":64,"48":64,"50":64,"52":64,"54":64,"62":6,"63":6,"64":6},"path":"/home/string/dev/centroida/orbis-contracts/contracts/erc20/extensions/MintableToken.sol","s":{"1":65,"2":64,"3":64,"4":64,"5":64,"6":64,"7":64,"8":64,"9":64,"10":64,"11":64,"12":64,"13":6,"14":6,"15":6},"b":{"1":[64,1],"2":[64,0],"3":[64,0],"4":[64,0]},"f":{"1":98,"2":65,"3":64,"4":6},"fnMap":{"1":{"name":null,"line":24,"loc":{"start":{"line":24,"column":1},"end":{"line":24,"column":124}}},"2":{"name":"canMint","line":26,"loc":{"start":{"line":26,"column":1},"end":{"line":26,"column":20}}},"3":{"name":"mint","line":37,"loc":{"start":{"line":37,"column":1},"end":{"line":37,"column":94}}},"4":{"name":"finishMinting","line":61,"loc":{"start":{"line":61,"column":1},"end":{"line":61,"column":67}}}},"statementMap":{"1":{"start":{"line":27,"column":2},"end":{"line":27,"column":26}},"2":{"start":{"line":38,"column":2},"end":{"line":38,"column":48}},"3":{"start":{"line":40,"column":2},"end":{"line":40,"column":48}},"4":{"start":{"line":41,"column":2},"end":{"line":41,"column":48}},"5":{"start":{"line":42,"column":2},"end":{"line":42,"column":49}},"6":{"start":{"line":44,"column":2},"end":{"line":44,"column":46}},"7":{"start":{"line":45,"column":2},"end":{"line":45,"column":44}},"8":{"start":{"line":46,"column":2},"end":{"line":46,"column":48}},"9":{"start":{"line":48,"column":2},"end":{"line":48,"column":66}},"10":{"start":{"line":50,"column":2},"end":{"line":50,"column":50}},"11":{"start":{"line":52,"column":2},"end":{"line":52,"column":34}},"12":{"start":{"line":54,"column":2},"end":{"line":54,"column":13}},"13":{"start":{"line":62,"column":2},"end":{"line":62,"column":23}},"14":{"start":{"line":63,"column":2},"end":{"line":63,"column":21}},"15":{"start":{"line":64,"column":2},"end":{"line":64,"column":13}}},"branchMap":{"1":{"line":27,"type":"if","locations":[{"start":{"line":27,"column":2},"end":{"line":27,"column":2}},{"start":{"line":27,"column":2},"end":{"line":27,"column":2}}]},"2":{"line":42,"type":"if","locations":[{"start":{"line":42,"column":2},"end":{"line":42,"column":2}},{"start":{"line":42,"column":2},"end":{"line":42,"column":2}}]},"3":{"line":46,"type":"if","locations":[{"start":{"line":46,"column":2},"end":{"line":46,"column":2}},{"start":{"line":46,"column":2},"end":{"line":46,"column":2}}]},"4":{"line":48,"type":"if","locations":[{"start":{"line":48,"column":2},"end":{"line":48,"column":2}},{"start":{"line":48,"column":2},"end":{"line":48,"column":2}}]}}},"contracts/erc20/extensions/PausableToken.sol":{"l":{"16":6,"20":9,"24":31},"path":"/home/string/dev/centroida/orbis-contracts/contracts/erc20/extensions/PausableToken.sol","s":{"1":6,"2":9,"3":31},"b":{},"f":{"1":98,"2":6,"3":9,"4":31},"fnMap":{"1":{"name":null,"line":13,"loc":{"start":{"line":13,"column":1},"end":{"line":13,"column":124}}},"2":{"name":"transfer","line":15,"loc":{"start":{"line":15,"column":1},"end":{"line":15,"column":92}}},"3":{"name":"transferFrom","line":19,"loc":{"start":{"line":19,"column":1},"end":{"line":19,"column":111}}},"4":{"name":"approve","line":23,"loc":{"start":{"line":23,"column":1},"end":{"line":23,"column":96}}}},"statementMap":{"1":{"start":{"line":16,"column":2},"end":{"line":16,"column":36}},"2":{"start":{"line":20,"column":2},"end":{"line":20,"column":47}},"3":{"start":{"line":24,"column":2},"end":{"line":24,"column":40}}},"branchMap":{}},"contracts/ledger/data/LedgerData.sol":{"l":{"17":136,"18":136,"22":1,"26":1},"path":"/home/string/dev/centroida/orbis-contracts/contracts/ledger/data/LedgerData.sol","s":{"1":136,"2":1,"3":1},"b":{},"f":{"1":136,"2":1,"3":1},"fnMap":{"1":{"name":"addTransaction","line":16,"loc":{"start":{"line":16,"column":1},"end":{"line":16,"column":115}}},"2":{"name":"getTransaction","line":21,"loc":{"start":{"line":21,"column":1},"end":{"line":21,"column":89}}},"3":{"name":"transactionsLength","line":25,"loc":{"start":{"line":25,"column":1},"end":{"line":25,"column":61}}}},"statementMap":{"1":{"start":{"line":18,"column":2},"end":{"line":18,"column":13}},"2":{"start":{"line":22,"column":2},"end":{"line":22,"column":90}},"3":{"start":{"line":26,"column":2},"end":{"line":26,"column":28}}},"branchMap":{}},"contracts/ledger/Ledger.sol":{"l":{"20":98,"21":98,"25":136,"26":136,"43":1,"47":1},"path":"/home/string/dev/centroida/orbis-contracts/contracts/ledger/Ledger.sol","s":{"1":98,"2":98,"3":136,"4":136,"5":1,"6":1},"b":{"1":[98,0],"2":[136,0]},"f":{"1":98,"2":136,"3":1,"4":1},"fnMap":{"1":{"name":null,"line":19,"loc":{"start":{"line":19,"column":1},"end":{"line":19,"column":54}}},"2":{"name":"addTransaction","line":24,"loc":{"start":{"line":24,"column":1},"end":{"line":24,"column":113}}},"3":{"name":"getTransaction","line":42,"loc":{"start":{"line":42,"column":1},"end":{"line":42,"column":89}}},"4":{"name":"getTransactionsCount","line":46,"loc":{"start":{"line":46,"column":1},"end":{"line":46,"column":63}}}},"statementMap":{"1":{"start":{"line":20,"column":2},"end":{"line":20,"column":48}},"2":{"start":{"line":21,"column":2},"end":{"line":21,"column":64}},"3":{"start":{"line":25,"column":2},"end":{"line":25,"column":63}},"4":{"start":{"line":26,"column":2},"end":{"line":26,"column":13}},"5":{"start":{"line":43,"column":2},"end":{"line":43,"column":49}},"6":{"start":{"line":47,"column":2},"end":{"line":47,"column":47}}},"branchMap":{"1":{"line":20,"type":"if","locations":[{"start":{"line":20,"column":2},"end":{"line":20,"column":2}},{"start":{"line":20,"column":2},"end":{"line":20,"column":2}}]},"2":{"line":25,"type":"if","locations":[{"start":{"line":25,"column":2},"end":{"line":25,"column":2}},{"start":{"line":25,"column":2},"end":{"line":25,"column":2}}]}}},"contracts/modifiers/FromContract.sol":{"l":{"17":615,"18":615,"27":291,"28":291,"29":291},"path":"/home/string/dev/centroida/orbis-contracts/contracts/modifiers/FromContract.sol","s":{"1":615,"2":291,"3":291,"4":291},"b":{"1":[615,0],"2":[291,0]},"f":{"1":615,"2":291},"fnMap":{"1":{"name":"fromContract","line":16,"loc":{"start":{"line":16,"column":1},"end":{"line":16,"column":25}}},"2":{"name":"setContractAddress","line":26,"loc":{"start":{"line":26,"column":1},"end":{"line":26,"column":99}}}},"statementMap":{"1":{"start":{"line":17,"column":2},"end":{"line":17,"column":39}},"2":{"start":{"line":27,"column":2},"end":{"line":27,"column":43}},"3":{"start":{"line":28,"column":2},"end":{"line":28,"column":38}},"4":{"start":{"line":29,"column":2},"end":{"line":29,"column":13}}},"branchMap":{"1":{"line":17,"type":"if","locations":[{"start":{"line":17,"column":2},"end":{"line":17,"column":2}},{"start":{"line":17,"column":2},"end":{"line":17,"column":2}}]},"2":{"line":27,"type":"if","locations":[{"start":{"line":27,"column":2},"end":{"line":27,"column":2}},{"start":{"line":27,"column":2},"end":{"line":27,"column":2}}]}}},"contracts/modifiers/Ownable.sol":{"l":{"23":394,"30":466,"31":458,"40":2,"41":2,"42":2,"51":2,"52":1,"53":1,"55":1},"path":"/home/string/dev/centroida/orbis-contracts/contracts/modifiers/Ownable.sol","s":{"1":394,"2":466,"3":2,"4":2,"5":2,"6":2,"7":1,"8":1,"9":1},"b":{"1":[458,8],"2":[2,0],"3":[1,1]},"f":{"1":394,"2":466,"3":2,"4":2},"fnMap":{"1":{"name":null,"line":22,"loc":{"start":{"line":22,"column":1},"end":{"line":22,"column":22}}},"2":{"name":"onlyOwners","line":29,"loc":{"start":{"line":29,"column":1},"end":{"line":29,"column":23}}},"3":{"name":"addOwner","line":39,"loc":{"start":{"line":39,"column":1},"end":{"line":39,"column":79}}},"4":{"name":"removeOwner","line":50,"loc":{"start":{"line":50,"column":1},"end":{"line":50,"column":79}}}},"statementMap":{"1":{"start":{"line":23,"column":2},"end":{"line":23,"column":26}},"2":{"start":{"line":30,"column":2},"end":{"line":30,"column":28}},"3":{"start":{"line":40,"column":2},"end":{"line":40,"column":33}},"4":{"start":{"line":41,"column":2},"end":{"line":41,"column":25}},"5":{"start":{"line":42,"column":2},"end":{"line":42,"column":13}},"6":{"start":{"line":51,"column":2},"end":{"line":51,"column":1349}},"7":{"start":{"line":52,"column":3},"end":{"line":52,"column":24}},"8":{"start":{"line":53,"column":3},"end":{"line":53,"column":14}},"9":{"start":{"line":55,"column":2},"end":{"line":55,"column":14}}},"branchMap":{"1":{"line":30,"type":"if","locations":[{"start":{"line":30,"column":2},"end":{"line":30,"column":2}},{"start":{"line":30,"column":2},"end":{"line":30,"column":2}}]},"2":{"line":40,"type":"if","locations":[{"start":{"line":40,"column":2},"end":{"line":40,"column":2}},{"start":{"line":40,"column":2},"end":{"line":40,"column":2}}]},"3":{"line":51,"type":"if","locations":[{"start":{"line":51,"column":2},"end":{"line":51,"column":2}},{"start":{"line":51,"column":2},"end":{"line":51,"column":2}}]}}},"contracts/modifiers/Pausable.sol":{"l":{"21":113,"22":110,"30":12,"31":12,"32":12,"40":69,"41":69,"42":69},"path":"/home/string/dev/centroida/orbis-contracts/contracts/modifiers/Pausable.sol","s":{"1":113,"2":12,"3":12,"4":12,"5":69,"6":69,"7":69},"b":{"1":[110,3]},"f":{"1":113,"2":12,"3":69},"fnMap":{"1":{"name":"whenNotPaused","line":20,"loc":{"start":{"line":20,"column":1},"end":{"line":20,"column":26}}},"2":{"name":"pause","line":29,"loc":{"start":{"line":29,"column":1},"end":{"line":29,"column":59}}},"3":{"name":"unpause","line":39,"loc":{"start":{"line":39,"column":1},"end":{"line":39,"column":61}}}},"statementMap":{"1":{"start":{"line":21,"column":2},"end":{"line":21,"column":17}},"2":{"start":{"line":30,"column":2},"end":{"line":30,"column":14}},"3":{"start":{"line":31,"column":2},"end":{"line":31,"column":14}},"4":{"start":{"line":32,"column":2},"end":{"line":32,"column":13}},"5":{"start":{"line":40,"column":2},"end":{"line":40,"column":15}},"6":{"start":{"line":41,"column":2},"end":{"line":41,"column":16}},"7":{"start":{"line":42,"column":2},"end":{"line":42,"column":13}}},"branchMap":{"1":{"line":21,"type":"if","locations":[{"start":{"line":21,"column":2},"end":{"line":21,"column":2}},{"start":{"line":21,"column":2},"end":{"line":21,"column":2}}]}}}}